{"/Users/admin/Documents/jobs/interview-projects/rpn-calculator/dist/src/classes/Calculator.js": {"path":"/Users/admin/Documents/jobs/interview-projects/rpn-calculator/dist/src/classes/Calculator.js","statementMap":{"0":{"start":{"line":2,"column":0},"end":{"line":2,"column":62}},"1":{"start":{"line":3,"column":0},"end":{"line":3,"column":28}},"2":{"start":{"line":7,"column":8},"end":{"line":7,"column":27}},"3":{"start":{"line":10,"column":8},"end":{"line":10,"column":27}},"4":{"start":{"line":13,"column":8},"end":{"line":13,"column":27}},"5":{"start":{"line":16,"column":8},"end":{"line":16,"column":27}},"6":{"start":{"line":19,"column":0},"end":{"line":19,"column":32}}},"fnMap":{"0":{"name":"(anonymous_0)","decl":{"start":{"line":5,"column":4},"end":{"line":5,"column":5}},"loc":{"start":{"line":5,"column":18},"end":{"line":5,"column":21}},"line":5},"1":{"name":"(anonymous_1)","decl":{"start":{"line":6,"column":4},"end":{"line":6,"column":5}},"loc":{"start":{"line":6,"column":20},"end":{"line":8,"column":5}},"line":6},"2":{"name":"(anonymous_2)","decl":{"start":{"line":9,"column":4},"end":{"line":9,"column":5}},"loc":{"start":{"line":9,"column":25},"end":{"line":11,"column":5}},"line":9},"3":{"name":"(anonymous_3)","decl":{"start":{"line":12,"column":4},"end":{"line":12,"column":5}},"loc":{"start":{"line":12,"column":25},"end":{"line":14,"column":5}},"line":12},"4":{"name":"(anonymous_4)","decl":{"start":{"line":15,"column":4},"end":{"line":15,"column":5}},"loc":{"start":{"line":15,"column":23},"end":{"line":17,"column":5}},"line":15}},"branchMap":{},"s":{"0":1,"1":1,"2":0,"3":0,"4":0,"5":0,"6":1},"f":{"0":0,"1":0,"2":0,"3":0,"4":0},"b":{},"inputSourceMap":null,"_coverageSchema":"1a1c01bbd47fc00a2c39e90264f33305004495a9","hash":"ef1b5ef2417661511b8951289e31be586f825b05"}
,"/Users/admin/Documents/jobs/interview-projects/rpn-calculator/dist/src/classes/RPNCalculator.js": {"path":"/Users/admin/Documents/jobs/interview-projects/rpn-calculator/dist/src/classes/RPNCalculator.js","statementMap":{"0":{"start":{"line":2,"column":0},"end":{"line":2,"column":62}},"1":{"start":{"line":3,"column":0},"end":{"line":3,"column":31}},"2":{"start":{"line":4,"column":21},"end":{"line":4,"column":44}},"3":{"start":{"line":5,"column":24},"end":{"line":5,"column":44}},"4":{"start":{"line":8,"column":8},"end":{"line":8,"column":16}},"5":{"start":{"line":9,"column":8},"end":{"line":9,"column":25}},"6":{"start":{"line":12,"column":23},"end":{"line":12,"column":35}},"7":{"start":{"line":13,"column":8},"end":{"line":13,"column":41}},"8":{"start":{"line":16,"column":23},"end":{"line":16,"column":35}},"9":{"start":{"line":17,"column":8},"end":{"line":17,"column":83}},"10":{"start":{"line":20,"column":25},"end":{"line":20,"column":48}},"11":{"start":{"line":21,"column":8},"end":{"line":34,"column":9}},"12":{"start":{"line":22,"column":12},"end":{"line":33,"column":13}},"13":{"start":{"line":32,"column":20},"end":{"line":32,"column":56}},"14":{"start":{"line":35,"column":8},"end":{"line":35,"column":24}},"15":{"start":{"line":38,"column":8},"end":{"line":38,"column":55}},"16":{"start":{"line":41,"column":8},"end":{"line":44,"column":9}},"17":{"start":{"line":42,"column":12},"end":{"line":42,"column":42}},"18":{"start":{"line":43,"column":12},"end":{"line":43,"column":19}},"19":{"start":{"line":47,"column":8},"end":{"line":49,"column":9}},"20":{"start":{"line":48,"column":12},"end":{"line":48,"column":77}},"21":{"start":{"line":50,"column":8},"end":{"line":50,"column":20}},"22":{"start":{"line":53,"column":8},"end":{"line":53,"column":35}},"23":{"start":{"line":56,"column":8},"end":{"line":56,"column":34}},"24":{"start":{"line":59,"column":8},"end":{"line":59,"column":35}},"25":{"start":{"line":62,"column":0},"end":{"line":62,"column":38}}},"fnMap":{"0":{"name":"(anonymous_0)","decl":{"start":{"line":7,"column":4},"end":{"line":7,"column":5}},"loc":{"start":{"line":7,"column":23},"end":{"line":10,"column":5}},"line":7},"1":{"name":"(anonymous_1)","decl":{"start":{"line":11,"column":4},"end":{"line":11,"column":5}},"loc":{"start":{"line":11,"column":30},"end":{"line":14,"column":5}},"line":11},"2":{"name":"(anonymous_2)","decl":{"start":{"line":15,"column":4},"end":{"line":15,"column":5}},"loc":{"start":{"line":15,"column":35},"end":{"line":18,"column":5}},"line":15},"3":{"name":"(anonymous_3)","decl":{"start":{"line":19,"column":4},"end":{"line":19,"column":5}},"loc":{"start":{"line":19,"column":26},"end":{"line":36,"column":5}},"line":19},"4":{"name":"(anonymous_4)","decl":{"start":{"line":37,"column":4},"end":{"line":37,"column":5}},"loc":{"start":{"line":37,"column":16},"end":{"line":39,"column":5}},"line":37},"5":{"name":"(anonymous_5)","decl":{"start":{"line":40,"column":4},"end":{"line":40,"column":5}},"loc":{"start":{"line":40,"column":25},"end":{"line":45,"column":5}},"line":40},"6":{"name":"(anonymous_6)","decl":{"start":{"line":46,"column":4},"end":{"line":46,"column":5}},"loc":{"start":{"line":46,"column":22},"end":{"line":51,"column":5}},"line":46},"7":{"name":"(anonymous_7)","decl":{"start":{"line":52,"column":4},"end":{"line":52,"column":5}},"loc":{"start":{"line":52,"column":16},"end":{"line":54,"column":5}},"line":52},"8":{"name":"(anonymous_8)","decl":{"start":{"line":55,"column":4},"end":{"line":55,"column":5}},"loc":{"start":{"line":55,"column":24},"end":{"line":57,"column":5}},"line":55},"9":{"name":"(anonymous_9)","decl":{"start":{"line":58,"column":4},"end":{"line":58,"column":5}},"loc":{"start":{"line":58,"column":29},"end":{"line":60,"column":5}},"line":58}},"branchMap":{"0":{"loc":{"start":{"line":17,"column":15},"end":{"line":17,"column":82}},"type":"binary-expr","locations":[{"start":{"line":17,"column":15},"end":{"line":17,"column":26}},{"start":{"line":17,"column":30},"end":{"line":17,"column":54}},{"start":{"line":17,"column":58},"end":{"line":17,"column":82}}],"line":17},"1":{"loc":{"start":{"line":21,"column":8},"end":{"line":34,"column":9}},"type":"if","locations":[{"start":{"line":21,"column":8},"end":{"line":34,"column":9}},{"start":{},"end":{}}],"line":21},"2":{"loc":{"start":{"line":21,"column":12},"end":{"line":21,"column":81}},"type":"binary-expr","locations":[{"start":{"line":21,"column":12},"end":{"line":21,"column":42}},{"start":{"line":21,"column":46},"end":{"line":21,"column":81}}],"line":21},"3":{"loc":{"start":{"line":22,"column":12},"end":{"line":33,"column":13}},"type":"switch","locations":[{"start":{"line":23,"column":16},"end":{"line":23,"column":25}},{"start":{"line":25,"column":16},"end":{"line":25,"column":25}},{"start":{"line":27,"column":16},"end":{"line":27,"column":25}},{"start":{"line":29,"column":16},"end":{"line":29,"column":25}},{"start":{"line":31,"column":16},"end":{"line":32,"column":56}}],"line":22},"4":{"loc":{"start":{"line":41,"column":8},"end":{"line":44,"column":9}},"type":"if","locations":[{"start":{"line":41,"column":8},"end":{"line":44,"column":9}},{"start":{},"end":{}}],"line":41},"5":{"loc":{"start":{"line":47,"column":8},"end":{"line":49,"column":9}},"type":"if","locations":[{"start":{"line":47,"column":8},"end":{"line":49,"column":9}},{"start":{},"end":{}}],"line":47},"6":{"loc":{"start":{"line":47,"column":12},"end":{"line":47,"column":66}},"type":"binary-expr","locations":[{"start":{"line":47,"column":12},"end":{"line":47,"column":31}},{"start":{"line":47,"column":35},"end":{"line":47,"column":66}}],"line":47}},"s":{"0":1,"1":1,"2":1,"3":1,"4":0,"5":0,"6":0,"7":0,"8":0,"9":0,"10":0,"11":0,"12":0,"13":0,"14":0,"15":0,"16":0,"17":0,"18":0,"19":0,"20":0,"21":0,"22":0,"23":0,"24":0,"25":1},"f":{"0":0,"1":0,"2":0,"3":0,"4":0,"5":0,"6":0,"7":0,"8":0,"9":0},"b":{"0":[0,0,0],"1":[0,0],"2":[0,0],"3":[0,0,0,0,0],"4":[0,0],"5":[0,0],"6":[0,0]},"inputSourceMap":null,"_coverageSchema":"1a1c01bbd47fc00a2c39e90264f33305004495a9","hash":"3aaedd0573861b54d1b242d88b26a857f2f04777"}
,"/Users/admin/Documents/jobs/interview-projects/rpn-calculator/src/classes/Calculator.ts": {"path":"/Users/admin/Documents/jobs/interview-projects/rpn-calculator/src/classes/Calculator.ts","statementMap":{"0":{"start":{"line":5,"column":8},"end":{"line":5,"column":27}},"1":{"start":{"line":9,"column":8},"end":{"line":9,"column":27}},"2":{"start":{"line":13,"column":8},"end":{"line":13,"column":27}},"3":{"start":{"line":17,"column":8},"end":{"line":17,"column":27}},"4":{"start":{"line":21,"column":9},"end":{"line":21,"column":19}}},"fnMap":{"0":{"name":"(anonymous_0)","decl":{"start":{"line":2,"column":4},"end":{"line":2,"column":18}},"loc":{"start":{"line":2,"column":4},"end":{"line":2,"column":19}}},"1":{"name":"(anonymous_1)","decl":{"start":{"line":4,"column":4},"end":{"line":4,"column":7}},"loc":{"start":{"line":4,"column":32},"end":{"line":6,"column":5}}},"2":{"name":"(anonymous_2)","decl":{"start":{"line":8,"column":4},"end":{"line":8,"column":12}},"loc":{"start":{"line":8,"column":37},"end":{"line":10,"column":5}}},"3":{"name":"(anonymous_3)","decl":{"start":{"line":12,"column":4},"end":{"line":12,"column":12}},"loc":{"start":{"line":12,"column":37},"end":{"line":14,"column":5}}},"4":{"name":"(anonymous_4)","decl":{"start":{"line":16,"column":4},"end":{"line":16,"column":10}},"loc":{"start":{"line":16,"column":35},"end":{"line":18,"column":5}}}},"branchMap":{},"s":{"0":0,"1":0,"2":0,"3":0,"4":1},"f":{"0":0,"1":0,"2":0,"3":0,"4":0},"b":{}}
,"/Users/admin/Documents/jobs/interview-projects/rpn-calculator/src/classes/RPNCalculator.ts": {"path":"/Users/admin/Documents/jobs/interview-projects/rpn-calculator/src/classes/RPNCalculator.ts","statementMap":{"0":{"start":{"line":1,"column":0},"end":{"line":1,"column":42}},"1":{"start":{"line":2,"column":28},"end":{"line":2,"column":48}},"2":{"start":{"line":6,"column":8},"end":{"line":6,"column":16}},"3":{"start":{"line":7,"column":8},"end":{"line":7,"column":25}},"4":{"start":{"line":11,"column":23},"end":{"line":11,"column":35}},"5":{"start":{"line":12,"column":8},"end":{"line":12,"column":39}},"6":{"start":{"line":16,"column":23},"end":{"line":16,"column":35}},"7":{"start":{"line":17,"column":8},"end":{"line":17,"column":79}},"8":{"start":{"line":21,"column":25},"end":{"line":21,"column":46}},"9":{"start":{"line":22,"column":8},"end":{"line":39,"column":null}},"10":{"start":{"line":23,"column":12},"end":{"line":38,"column":null}},"11":{"start":{"line":37,"column":20},"end":{"line":37,"column":56}},"12":{"start":{"line":40,"column":8},"end":{"line":40,"column":24}},"13":{"start":{"line":44,"column":8},"end":{"line":44,"column":55}},"14":{"start":{"line":48,"column":8},"end":{"line":51,"column":null}},"15":{"start":{"line":49,"column":12},"end":{"line":49,"column":42}},"16":{"start":{"line":50,"column":12},"end":{"line":50,"column":19}},"17":{"start":{"line":55,"column":8},"end":{"line":57,"column":null}},"18":{"start":{"line":56,"column":12},"end":{"line":56,"column":77}},"19":{"start":{"line":58,"column":8},"end":{"line":58,"column":20}},"20":{"start":{"line":62,"column":8},"end":{"line":62,"column":35}},"21":{"start":{"line":66,"column":8},"end":{"line":66,"column":34}},"22":{"start":{"line":70,"column":8},"end":{"line":70,"column":35}},"23":{"start":{"line":74,"column":9},"end":{"line":74,"column":22}}},"fnMap":{"0":{"name":"(anonymous_0)","decl":{"start":{"line":5,"column":4},"end":{"line":5,"column":16}},"loc":{"start":{"line":5,"column":27},"end":{"line":8,"column":5}}},"1":{"name":"(anonymous_1)","decl":{"start":{"line":10,"column":4},"end":{"line":10,"column":22}},"loc":{"start":{"line":10,"column":34},"end":{"line":13,"column":5}}},"2":{"name":"(anonymous_2)","decl":{"start":{"line":15,"column":4},"end":{"line":15,"column":27}},"loc":{"start":{"line":15,"column":39},"end":{"line":18,"column":5}}},"3":{"name":"(anonymous_3)","decl":{"start":{"line":20,"column":4},"end":{"line":20,"column":18}},"loc":{"start":{"line":20,"column":30},"end":{"line":41,"column":5}}},"4":{"name":"(anonymous_4)","decl":{"start":{"line":43,"column":4},"end":{"line":43,"column":13}},"loc":{"start":{"line":43,"column":13},"end":{"line":45,"column":5}}},"5":{"name":"(anonymous_5)","decl":{"start":{"line":47,"column":4},"end":{"line":47,"column":18}},"loc":{"start":{"line":47,"column":27},"end":{"line":52,"column":5}}},"6":{"name":"(anonymous_6)","decl":{"start":{"line":54,"column":4},"end":{"line":54,"column":15}},"loc":{"start":{"line":54,"column":24},"end":{"line":59,"column":5}}},"7":{"name":"(anonymous_7)","decl":{"start":{"line":61,"column":4},"end":{"line":61,"column":8}},"loc":{"start":{"line":61,"column":20},"end":{"line":63,"column":5}}},"8":{"name":"(anonymous_8)","decl":{"start":{"line":65,"column":4},"end":{"line":65,"column":8}},"loc":{"start":{"line":65,"column":21},"end":{"line":67,"column":5}}},"9":{"name":"(anonymous_9)","decl":{"start":{"line":69,"column":4},"end":{"line":69,"column":8}},"loc":{"start":{"line":69,"column":33},"end":{"line":71,"column":5}}}},"branchMap":{"0":{"loc":{"start":{"line":17,"column":15},"end":{"line":17,"column":78}},"type":"binary-expr","locations":[{"start":{"line":17,"column":15},"end":{"line":17,"column":26}},{"start":{"line":17,"column":30},"end":{"line":17,"column":52}},{"start":{"line":17,"column":56},"end":{"line":17,"column":78}}]},"1":{"loc":{"start":{"line":22,"column":8},"end":{"line":39,"column":null}},"type":"if","locations":[{"start":{"line":22,"column":8},"end":{"line":39,"column":null}}]},"2":{"loc":{"start":{"line":22,"column":11},"end":{"line":22,"column":80}},"type":"binary-expr","locations":[{"start":{"line":22,"column":11},"end":{"line":22,"column":41}},{"start":{"line":22,"column":45},"end":{"line":22,"column":80}}]},"3":{"loc":{"start":{"line":23,"column":12},"end":{"line":38,"column":null}},"type":"switch","locations":[{"start":{"line":24,"column":16},"end":{"line":24,"column":25}},{"start":{"line":27,"column":16},"end":{"line":27,"column":25}},{"start":{"line":30,"column":16},"end":{"line":30,"column":25}},{"start":{"line":33,"column":16},"end":{"line":33,"column":25}},{"start":{"line":36,"column":16},"end":{"line":37,"column":56}}]},"4":{"loc":{"start":{"line":48,"column":8},"end":{"line":51,"column":null}},"type":"if","locations":[{"start":{"line":48,"column":8},"end":{"line":51,"column":null}}]},"5":{"loc":{"start":{"line":55,"column":8},"end":{"line":57,"column":null}},"type":"if","locations":[{"start":{"line":55,"column":8},"end":{"line":57,"column":null}}]},"6":{"loc":{"start":{"line":55,"column":11},"end":{"line":55,"column":65}},"type":"binary-expr","locations":[{"start":{"line":55,"column":11},"end":{"line":55,"column":30}},{"start":{"line":55,"column":34},"end":{"line":55,"column":65}}]}},"s":{"0":1,"1":1,"2":0,"3":0,"4":0,"5":0,"6":0,"7":0,"8":0,"9":0,"10":0,"11":0,"12":0,"13":0,"14":0,"15":0,"16":0,"17":0,"18":0,"19":0,"20":0,"21":0,"22":0,"23":1},"f":{"0":0,"1":0,"2":0,"3":0,"4":0,"5":0,"6":0,"7":0,"8":0,"9":0},"b":{"0":[0,0,0],"1":[0],"2":[0,0],"3":[0,0,0,0,0],"4":[0],"5":[0],"6":[0,0]}}
}
